Command line:
   four_bit_adder_subtractor_tb_isim_beh.exe
     -simmode  gui
     -simrunnum  1
     -socket  61923

Sun Nov 12 21:23:45 2017


 Elaboration Time: 0.046875 sec

 Current Memory Usage: 845.038 Meg

 Total Signals          : 121
 Total Nets             : 45
 Total Signal Drivers   : 33
 Total Blocks           : 37
 Total Primitive Blocks : 21
 Total Processes        : 23
 Total Traceable Variables  : 24
 Total Scalar Nets and Variables : 555
Total Line Count : 143

 Total Simulation Time: 0.046875 sec

 Current Memory Usage: 687.751 Meg

Sun Nov 12 21:25:26 2017

