Command line:
   four_bit_LAC_adder_tb_isim_beh.exe
     -simmode  gui
     -simrunnum  0
     -socket  61720

Sun Nov 12 20:46:58 2017


 Elaboration Time: 0.03125 sec

 Current Memory Usage: 845.091 Meg

 Total Signals          : 100
 Total Nets             : 41
 Total Signal Drivers   : 29
 Total Blocks           : 27
 Total Primitive Blocks : 17
 Total Processes        : 19
 Total Traceable Variables  : 19
 Total Scalar Nets and Variables : 546
Total Line Count : 131

 Total Simulation Time: 0.046875 sec

 Current Memory Usage: 1002.38 Meg

Sun Nov 12 20:57:00 2017

