Command line:
   four_input_mux_tb_isim_beh.exe
     -simmode  gui
     -simrunnum  0
     -socket  53425

Sat Nov 04 18:50:28 2017


 Elaboration Time: 0.0625 sec

 Current Memory Usage: 844.837 Meg

 Total Signals          : 14
 Total Nets             : 7
 Total Signal Drivers   : 7
 Total Blocks           : 3
 Total Primitive Blocks : 2
 Total Processes        : 2
 Total Traceable Variables  : 8
 Total Scalar Nets and Variables : 367
Total Line Count : 30

 Total Simulation Time: 0.171875 sec

 Current Memory Usage: 1159.41 Meg

Sat Nov 04 18:51:12 2017

