Command line:
   nbit_xor_control_tb_vhd_isim_beh.exe
     -simmode  gui
     -simrunnum  0
     -socket  61750

Sun Nov 12 21:06:43 2017


 Elaboration Time: 0.046875 sec

 Current Memory Usage: 845.083 Meg

 Total Signals          : 18
 Total Nets             : 9
 Total Signal Drivers   : 6
 Total Blocks           : 14
 Total Primitive Blocks : 8
 Total Processes        : 5
 Total Traceable Variables  : 20
 Total Scalar Nets and Variables : 515
Total Line Count : 22

 Total Simulation Time: 0.046875 sec

 Current Memory Usage: 845.083 Meg

Sun Nov 12 21:07:00 2017

