Command line:
   nbit_adder_tb_isim_beh.exe
     -simmode  gui
     -simrunnum  0
     -socket  61571

Sun Nov 12 19:43:11 2017


 Elaboration Time: 0.046875 sec

 Current Memory Usage: 845.001 Meg

 Total Signals          : 88
 Total Nets             : 32
 Total Signal Drivers   : 23
 Total Blocks           : 24
 Total Primitive Blocks : 15
 Total Processes        : 13
 Total Traceable Variables  : 14
 Total Scalar Nets and Variables : 414
Total Line Count : 109

 Total Simulation Time: 0.0625 sec

 Current Memory Usage: 1002.29 Meg

Sun Nov 12 19:59:35 2017

