Command line:
   four_bit_arithmetic_unit_tb_isim_beh.exe
     -simmode  gui
     -simrunnum  0
     -socket  62249

Sun Nov 12 21:52:05 2017


 Elaboration Time: 0.046875 sec

 Current Memory Usage: 844.98 Meg

 Total Signals          : 204
 Total Nets             : 66
 Total Signal Drivers   : 49
 Total Blocks           : 62
 Total Primitive Blocks : 36
 Total Processes        : 39
 Total Traceable Variables  : 24
 Total Scalar Nets and Variables : 458
Total Line Count : 187

 Total Simulation Time: 0.078125 sec

 Current Memory Usage: 844.98 Meg

Sun Nov 12 21:52:17 2017

